[0.294s] DEBUG:colcon:Command line arguments: ['/usr/bin/colcon', 'build']
[0.294s] DEBUG:colcon:Parsed command line arguments: Namespace(log_base=None, log_level=None, verb_name='build', build_base='build', install_base='install', merge_install=False, symlink_install=False, test_result_base=None, continue_on_error=False, executor='parallel', parallel_workers=2, event_handlers=None, ignore_user_meta=False, metas=['./colcon.meta'], base_paths=['.'], packages_ignore=None, packages_ignore_regex=None, paths=None, packages_up_to=None, packages_up_to_regex=None, packages_above=None, packages_above_and_dependencies=None, packages_above_depth=None, packages_select_by_dep=None, packages_skip_by_dep=None, packages_skip_up_to=None, packages_select_build_failed=False, packages_skip_build_finished=False, packages_select_test_failures=False, packages_skip_test_passed=False, packages_select=None, packages_skip=None, packages_select_regex=None, packages_skip_regex=None, packages_start=None, packages_end=None, allow_overriding=[], cmake_args=None, cmake_target=None, cmake_target_skip_unavailable=False, cmake_clean_cache=False, cmake_clean_first=False, cmake_force_configure=False, ament_cmake_args=None, catkin_cmake_args=None, catkin_skip_building_tests=False, verb_parser=<colcon_defaults.argument_parser.defaults.DefaultArgumentsDecorator object at 0x7f76d79f07c0>, verb_extension=<colcon_core.verb.build.BuildVerb object at 0x7f76d79f01f0>, main=<bound method BuildVerb.main of <colcon_core.verb.build.BuildVerb object at 0x7f76d79f01f0>>)
[0.357s] Level 1:colcon.colcon_core.package_discovery:discover_packages(colcon_meta) check parameters
[0.359s] Level 1:colcon.colcon_core.package_discovery:discover_packages(recursive) check parameters
[0.359s] Level 1:colcon.colcon_core.package_discovery:discover_packages(ignore) check parameters
[0.359s] Level 1:colcon.colcon_core.package_discovery:discover_packages(path) check parameters
[0.359s] Level 1:colcon.colcon_core.package_discovery:discover_packages(colcon_meta) discover
[0.360s] Level 1:colcon.colcon_core.package_discovery:discover_packages(recursive) discover
[0.360s] INFO:colcon.colcon_core.package_discovery:Crawling recursively for packages in '/home/donutu/ros2_ws_v2/src'
[0.360s] Level 1:colcon.colcon_core.package_identification:_identify(.) by extensions ['ignore', 'ignore_ament_install']
[0.360s] Level 1:colcon.colcon_core.package_identification:_identify(.) by extension 'ignore'
[0.360s] Level 1:colcon.colcon_core.package_identification:_identify(.) by extension 'ignore_ament_install'
[0.360s] Level 1:colcon.colcon_core.package_identification:_identify(.) by extensions ['colcon_pkg']
[0.360s] Level 1:colcon.colcon_core.package_identification:_identify(.) by extension 'colcon_pkg'
[0.361s] Level 1:colcon.colcon_core.package_identification:_identify(.) by extensions ['colcon_meta']
[0.361s] Level 1:colcon.colcon_core.package_identification:_identify(.) by extension 'colcon_meta'
[0.361s] Level 1:colcon.colcon_core.package_identification:_identify(.) by extensions ['ros']
[0.361s] Level 1:colcon.colcon_core.package_identification:_identify(.) by extension 'ros'
[0.386s] Level 1:colcon.colcon_core.package_identification:_identify(.) by extensions ['cmake', 'python']
[0.386s] Level 1:colcon.colcon_core.package_identification:_identify(.) by extension 'cmake'
[0.386s] Level 1:colcon.colcon_core.package_identification:_identify(.) by extension 'python'
[0.387s] Level 1:colcon.colcon_core.package_identification:_identify(.) by extensions ['python_setup_py']
[0.387s] Level 1:colcon.colcon_core.package_identification:_identify(.) by extension 'python_setup_py'
[0.387s] Level 1:colcon.colcon_core.package_identification:_identify(build) by extensions ['ignore', 'ignore_ament_install']
[0.387s] Level 1:colcon.colcon_core.package_identification:_identify(build) by extension 'ignore'
[0.387s] Level 1:colcon.colcon_core.package_identification:_identify(build) ignored
[0.387s] Level 1:colcon.colcon_core.package_identification:_identify(install) by extensions ['ignore', 'ignore_ament_install']
[0.388s] Level 1:colcon.colcon_core.package_identification:_identify(install) by extension 'ignore'
[0.388s] Level 1:colcon.colcon_core.package_identification:_identify(install) ignored
[0.388s] Level 1:colcon.colcon_core.package_identification:_identify(log) by extensions ['ignore', 'ignore_ament_install']
[0.388s] Level 1:colcon.colcon_core.package_identification:_identify(log) by extension 'ignore'
[0.388s] Level 1:colcon.colcon_core.package_identification:_identify(log) ignored
[0.388s] Level 1:colcon.colcon_core.package_identification:_identify(yurs_network) by extensions ['ignore', 'ignore_ament_install']
[0.389s] Level 1:colcon.colcon_core.package_identification:_identify(yurs_network) by extension 'ignore'
[0.389s] Level 1:colcon.colcon_core.package_identification:_identify(yurs_network) by extension 'ignore_ament_install'
[0.389s] Level 1:colcon.colcon_core.package_identification:_identify(yurs_network) by extensions ['colcon_pkg']
[0.389s] Level 1:colcon.colcon_core.package_identification:_identify(yurs_network) by extension 'colcon_pkg'
[0.389s] Level 1:colcon.colcon_core.package_identification:_identify(yurs_network) by extensions ['colcon_meta']
[0.389s] Level 1:colcon.colcon_core.package_identification:_identify(yurs_network) by extension 'colcon_meta'
[0.389s] Level 1:colcon.colcon_core.package_identification:_identify(yurs_network) by extensions ['ros']
[0.389s] Level 1:colcon.colcon_core.package_identification:_identify(yurs_network) by extension 'ros'
[0.393s] DEBUG:colcon.colcon_core.package_identification:Package 'yurs_network' with type 'ros.ament_python' and name 'yurs_network'
[0.394s] Level 1:colcon.colcon_core.package_discovery:discover_packages(recursive) using defaults
[0.394s] Level 1:colcon.colcon_core.package_discovery:discover_packages(ignore) discover
[0.395s] Level 1:colcon.colcon_core.package_discovery:discover_packages(ignore) using defaults
[0.395s] Level 1:colcon.colcon_core.package_discovery:discover_packages(path) discover
[0.395s] Level 1:colcon.colcon_core.package_discovery:discover_packages(path) using defaults
[0.438s] Level 1:colcon.colcon_core.package_discovery:discover_packages(prefix_path) check parameters
[0.439s] Level 1:colcon.colcon_core.package_discovery:discover_packages(prefix_path) discover
[0.443s] DEBUG:colcon.colcon_installed_package_information.package_discovery:Found 1 installed packages in /home/donutu/ros2_ws_v2/install
[0.446s] DEBUG:colcon.colcon_installed_package_information.package_discovery:Found 270 installed packages in /opt/ros/humble
[0.451s] Level 1:colcon.colcon_core.package_discovery:discover_packages(prefix_path) using defaults
[0.549s] Level 5:colcon.colcon_core.verb:set package 'yurs_network' build argument 'cmake_args' from command line to 'None'
[0.549s] Level 5:colcon.colcon_core.verb:set package 'yurs_network' build argument 'cmake_target' from command line to 'None'
[0.549s] Level 5:colcon.colcon_core.verb:set package 'yurs_network' build argument 'cmake_target_skip_unavailable' from command line to 'False'
[0.549s] Level 5:colcon.colcon_core.verb:set package 'yurs_network' build argument 'cmake_clean_cache' from command line to 'False'
[0.550s] Level 5:colcon.colcon_core.verb:set package 'yurs_network' build argument 'cmake_clean_first' from command line to 'False'
[0.550s] Level 5:colcon.colcon_core.verb:set package 'yurs_network' build argument 'cmake_force_configure' from command line to 'False'
[0.550s] Level 5:colcon.colcon_core.verb:set package 'yurs_network' build argument 'ament_cmake_args' from command line to 'None'
[0.550s] Level 5:colcon.colcon_core.verb:set package 'yurs_network' build argument 'catkin_cmake_args' from command line to 'None'
[0.550s] Level 5:colcon.colcon_core.verb:set package 'yurs_network' build argument 'catkin_skip_building_tests' from command line to 'False'
[0.550s] DEBUG:colcon.colcon_core.verb:Building package 'yurs_network' with the following arguments: {'ament_cmake_args': None, 'build_base': '/home/donutu/ros2_ws_v2/src/build/yurs_network', 'catkin_cmake_args': None, 'catkin_skip_building_tests': False, 'cmake_args': None, 'cmake_clean_cache': False, 'cmake_clean_first': False, 'cmake_force_configure': False, 'cmake_target': None, 'cmake_target_skip_unavailable': False, 'install_base': '/home/donutu/ros2_ws_v2/src/install/yurs_network', 'merge_install': False, 'path': '/home/donutu/ros2_ws_v2/src/yurs_network', 'symlink_install': False, 'test_result_base': None}
[0.551s] INFO:colcon.colcon_core.executor:Executing jobs using 'parallel' executor
[0.559s] DEBUG:colcon.colcon_parallel_executor.executor.parallel:run_until_complete
[0.560s] INFO:colcon.colcon_ros.task.ament_python.build:Building ROS package in '/home/donutu/ros2_ws_v2/src/yurs_network' with build type 'ament_python'
[0.560s] Level 1:colcon.colcon_core.shell:create_environment_hook('yurs_network', 'ament_prefix_path')
[0.569s] INFO:colcon.colcon_core.plugin_system:Skipping extension 'colcon_core.shell.bat': Not used on non-Windows systems
[0.571s] INFO:colcon.colcon_core.shell:Creating environment hook '/home/donutu/ros2_ws_v2/src/install/yurs_network/share/yurs_network/hook/ament_prefix_path.ps1'
[0.573s] INFO:colcon.colcon_core.shell:Creating environment descriptor '/home/donutu/ros2_ws_v2/src/install/yurs_network/share/yurs_network/hook/ament_prefix_path.dsv'
[0.574s] INFO:colcon.colcon_core.shell:Creating environment hook '/home/donutu/ros2_ws_v2/src/install/yurs_network/share/yurs_network/hook/ament_prefix_path.sh'
[0.577s] INFO:colcon.colcon_core.shell:Skip shell extension 'powershell' for command environment: Not usable outside of PowerShell
[0.577s] DEBUG:colcon.colcon_core.shell:Skip shell extension 'dsv' for command environment
[1.064s] INFO:colcon.colcon_core.task.python.build:Building Python package in '/home/donutu/ros2_ws_v2/src/yurs_network'
[1.066s] INFO:colcon.colcon_core.shell:Skip shell extension 'powershell' for command environment: Not usable outside of PowerShell
[1.067s] DEBUG:colcon.colcon_core.shell:Skip shell extension 'dsv' for command environment
[1.876s] DEBUG:colcon.colcon_core.event_handler.log_command:Invoking command in '/home/donutu/ros2_ws_v2/src/yurs_network': PYTHONPATH=/home/donutu/ros2_ws_v2/src/install/yurs_network/lib/python3.10/site-packages:${PYTHONPATH} /usr/bin/python3 setup.py egg_info --egg-base ../build/yurs_network build --build-base /home/donutu/ros2_ws_v2/src/build/yurs_network/build install --prefix /home/donutu/ros2_ws_v2/src/install/yurs_network --record /home/donutu/ros2_ws_v2/src/build/yurs_network/install.log --single-version-externally-managed
[2.479s] Level 1:colcon.colcon_core.environment:checking '/home/donutu/ros2_ws_v2/src/install/yurs_network' for CMake module files
[2.480s] Level 1:colcon.colcon_core.environment:checking '/home/donutu/ros2_ws_v2/src/install/yurs_network' for CMake config files
[2.481s] Level 1:colcon.colcon_core.environment:checking '/home/donutu/ros2_ws_v2/src/install/yurs_network/lib'
[2.481s] Level 1:colcon.colcon_core.environment:checking '/home/donutu/ros2_ws_v2/src/install/yurs_network/bin'
[2.481s] Level 1:colcon.colcon_core.environment:checking '/home/donutu/ros2_ws_v2/src/install/yurs_network/lib/pkgconfig/yurs_network.pc'
[2.488s] DEBUG:colcon.colcon_core.event_handler.log_command:Invoked command in '/home/donutu/ros2_ws_v2/src/yurs_network' returned '0': PYTHONPATH=/home/donutu/ros2_ws_v2/src/install/yurs_network/lib/python3.10/site-packages:${PYTHONPATH} /usr/bin/python3 setup.py egg_info --egg-base ../build/yurs_network build --build-base /home/donutu/ros2_ws_v2/src/build/yurs_network/build install --prefix /home/donutu/ros2_ws_v2/src/install/yurs_network --record /home/donutu/ros2_ws_v2/src/build/yurs_network/install.log --single-version-externally-managed
[2.488s] Level 1:colcon.colcon_core.environment:checking '/home/donutu/ros2_ws_v2/src/install/yurs_network/lib/python3.10/site-packages'
[2.488s] Level 1:colcon.colcon_core.shell:create_environment_hook('yurs_network', 'pythonpath')
[2.491s] INFO:colcon.colcon_core.shell:Creating environment hook '/home/donutu/ros2_ws_v2/src/install/yurs_network/share/yurs_network/hook/pythonpath.ps1'
[2.491s] INFO:colcon.colcon_core.shell:Creating environment descriptor '/home/donutu/ros2_ws_v2/src/install/yurs_network/share/yurs_network/hook/pythonpath.dsv'
[2.492s] INFO:colcon.colcon_core.shell:Creating environment hook '/home/donutu/ros2_ws_v2/src/install/yurs_network/share/yurs_network/hook/pythonpath.sh'
[2.493s] Level 1:colcon.colcon_core.environment:checking '/home/donutu/ros2_ws_v2/src/install/yurs_network/bin'
[2.493s] Level 1:colcon.colcon_core.environment:create_environment_scripts_only(yurs_network)
[2.496s] INFO:colcon.colcon_core.shell:Creating package script '/home/donutu/ros2_ws_v2/src/install/yurs_network/share/yurs_network/package.ps1'
[2.497s] INFO:colcon.colcon_core.shell:Creating package descriptor '/home/donutu/ros2_ws_v2/src/install/yurs_network/share/yurs_network/package.dsv'
[2.498s] INFO:colcon.colcon_core.shell:Creating package script '/home/donutu/ros2_ws_v2/src/install/yurs_network/share/yurs_network/package.sh'
[2.499s] INFO:colcon.colcon_core.shell:Creating package script '/home/donutu/ros2_ws_v2/src/install/yurs_network/share/yurs_network/package.bash'
[2.501s] INFO:colcon.colcon_core.shell:Creating package script '/home/donutu/ros2_ws_v2/src/install/yurs_network/share/yurs_network/package.zsh'
[2.502s] Level 1:colcon.colcon_core.environment:create_file_with_runtime_dependencies(/home/donutu/ros2_ws_v2/src/install/yurs_network/share/colcon-core/packages/yurs_network)
[2.513s] DEBUG:colcon.colcon_parallel_executor.executor.parallel:closing loop
[2.514s] DEBUG:colcon.colcon_parallel_executor.executor.parallel:loop closed
[2.514s] DEBUG:colcon.colcon_parallel_executor.executor.parallel:run_until_complete finished with '0'
[2.514s] DEBUG:colcon.colcon_core.event_reactor:joining thread
[2.541s] INFO:colcon.colcon_core.plugin_system:Skipping extension 'colcon_notification.desktop_notification.terminal_notifier': Not used on non-Darwin systems
[2.541s] INFO:colcon.colcon_core.plugin_system:Skipping extension 'colcon_notification.desktop_notification.win32': Not used on non-Windows systems
[2.541s] INFO:colcon.colcon_notification.desktop_notification:Sending desktop notification using 'notify2'
[2.623s] DEBUG:colcon.colcon_core.event_reactor:joined thread
[2.625s] INFO:colcon.colcon_core.shell:Creating prefix script '/home/donutu/ros2_ws_v2/src/install/local_setup.ps1'
[2.627s] INFO:colcon.colcon_core.shell:Creating prefix util module '/home/donutu/ros2_ws_v2/src/install/_local_setup_util_ps1.py'
[2.629s] INFO:colcon.colcon_core.shell:Creating prefix chain script '/home/donutu/ros2_ws_v2/src/install/setup.ps1'
[2.633s] INFO:colcon.colcon_core.shell:Creating prefix script '/home/donutu/ros2_ws_v2/src/install/local_setup.sh'
[2.633s] INFO:colcon.colcon_core.shell:Creating prefix util module '/home/donutu/ros2_ws_v2/src/install/_local_setup_util_sh.py'
[2.634s] INFO:colcon.colcon_core.shell:Creating prefix chain script '/home/donutu/ros2_ws_v2/src/install/setup.sh'
[2.636s] INFO:colcon.colcon_core.shell:Creating prefix script '/home/donutu/ros2_ws_v2/src/install/local_setup.bash'
[2.636s] INFO:colcon.colcon_core.shell:Creating prefix chain script '/home/donutu/ros2_ws_v2/src/install/setup.bash'
[2.638s] INFO:colcon.colcon_core.shell:Creating prefix script '/home/donutu/ros2_ws_v2/src/install/local_setup.zsh'
[2.639s] INFO:colcon.colcon_core.shell:Creating prefix chain script '/home/donutu/ros2_ws_v2/src/install/setup.zsh'
